<?xml version="1.0" encoding="UTF-8"?>
<testsuite xmlns:xsi="http://www.w3.org/2001/XMLSchema-instance" xsi:noNamespaceSchemaLocation="https://maven.apache.org/surefire/maven-surefire-plugin/xsd/surefire-test-report-3.0.xsd" version="3.0" name="com.voting.system.apigateway.ApiGatewayApplicationTests" time="3.868" tests="1" errors="0" skipped="0" failures="0">
  <properties>
[...]
</properties>
  <testcase name="contextLoads" classname="com.voting.system.apigateway.ApiGatewayApplicationTests" time="0.593">
    <system-out><![CDATA[17:21:19.074 [main] INFO org.springframework.test.context.support.AnnotationConfigContextLoaderUtils -- Could not detect default configuration classes for test class [com.voting.system.apigateway.ApiGatewayApplicationTests]: ApiGatewayApplicationTests does not declare any static, non-private, non-final, nested classes annotated with @Configuration.
17:21:19.132 [main] INFO org.springframework.boot.test.context.SpringBootTestContextBootstrapper -- Found @SpringBootConfiguration com.voting.system.apigateway.ApiGatewayApplication for test class com.voting.system.apigateway.ApiGatewayApplicationTests

  .   ____          _            __ _ _
 /\\ / ___'_ __ _ _(_)_ __  __ _ \ \ \ \
( ( )\___ | '_ | '_| | '_ \/ _` | \ \ \ \
 \\/  ___)| |_)| | | | | || (_| |  ) ) ) )
  '  |____| .__|_| |_|_| |_\__, | / / / /
 =========|_|==============|___/=/_/_/_/
 :: Spring Boot ::                (v3.1.2)

2023-08-28T17:21:19.533+05:00  INFO 78833 --- [           main] c.v.s.a.ApiGatewayApplicationTests       : Starting ApiGatewayApplicationTests using Java 17.0.8 with PID 78833 (started by dev in /home/dev/Downloads/project/api-gateway voting/API-Gateway-01)
2023-08-28T17:21:19.535+05:00  INFO 78833 --- [           main] c.v.s.a.ApiGatewayApplicationTests       : No active profile set, falling back to 1 default profile: "default"
2023-08-28T17:21:20.181+05:00  INFO 78833 --- [           main] o.s.cloud.context.scope.GenericScope     : BeanFactory id=2318fef9-9a94-307f-98f4-efe1d7f15558
2023-08-28T17:21:20.260+05:00  INFO 78833 --- [           main] trationDelegate$BeanPostProcessorChecker : Bean 'org.springframework.cloud.client.loadbalancer.reactive.LoadBalancerBeanPostProcessorAutoConfiguration' of type [org.springframework.cloud.client.loadbalancer.reactive.LoadBalancerBeanPostProcessorAutoConfiguration] is not eligible for getting processed by all BeanPostProcessors (for example: not eligible for auto-proxying)
2023-08-28T17:21:20.262+05:00  INFO 78833 --- [           main] trationDelegate$BeanPostProcessorChecker : Bean 'org.springframework.cloud.client.loadbalancer.reactive.LoadBalancerBeanPostProcessorAutoConfiguration$ReactorDeferringLoadBalancerFilterConfig' of type [org.springframework.cloud.client.loadbalancer.reactive.LoadBalancerBeanPostProcessorAutoConfiguration$ReactorDeferringLoadBalancerFilterConfig] is not eligible for getting processed by all BeanPostProcessors (for example: not eligible for auto-proxying)
2023-08-28T17:21:20.263+05:00  INFO 78833 --- [           main] trationDelegate$BeanPostProcessorChecker : Bean 'reactorDeferringLoadBalancerExchangeFilterFunction' of type [org.springframework.cloud.client.loadbalancer.reactive.DeferringLoadBalancerExchangeFilterFunction] is not eligible for getting processed by all BeanPostProcessors (for example: not eligible for auto-proxying)
2023-08-28T17:21:21.035+05:00  INFO 78833 --- [           main] o.s.c.g.r.RouteDefinitionRouteLocator    : Loaded RoutePredicateFactory [After]
2023-08-28T17:21:21.035+05:00  INFO 78833 --- [           main] o.s.c.g.r.RouteDefinitionRouteLocator    : Loaded RoutePredicateFactory [Before]
2023-08-28T17:21:21.035+05:00  INFO 78833 --- [           main] o.s.c.g.r.RouteDefinitionRouteLocator    : Loaded RoutePredicateFactory [Between]
2023-08-28T17:21:21.035+05:00  INFO 78833 --- [           main] o.s.c.g.r.RouteDefinitionRouteLocator    : Loaded RoutePredicateFactory [Cookie]
2023-08-28T17:21:21.035+05:00  INFO 78833 --- [           main] o.s.c.g.r.RouteDefinitionRouteLocator    : Loaded RoutePredicateFactory [Header]
2023-08-28T17:21:21.035+05:00  INFO 78833 --- [           main] o.s.c.g.r.RouteDefinitionRouteLocator    : Loaded RoutePredicateFactory [Host]
2023-08-28T17:21:21.035+05:00  INFO 78833 --- [           main] o.s.c.g.r.RouteDefinitionRouteLocator    : Loaded RoutePredicateFactory [Method]
2023-08-28T17:21:21.035+05:00  INFO 78833 --- [           main] o.s.c.g.r.RouteDefinitionRouteLocator    : Loaded RoutePredicateFactory [Path]
2023-08-28T17:21:21.035+05:00  INFO 78833 --- [           main] o.s.c.g.r.RouteDefinitionRouteLocator    : Loaded RoutePredicateFactory [Query]
2023-08-28T17:21:21.036+05:00  INFO 78833 --- [           main] o.s.c.g.r.RouteDefinitionRouteLocator    : Loaded RoutePredicateFactory [ReadBody]
2023-08-28T17:21:21.036+05:00  INFO 78833 --- [           main] o.s.c.g.r.RouteDefinitionRouteLocator    : Loaded RoutePredicateFactory [RemoteAddr]
2023-08-28T17:21:21.036+05:00  INFO 78833 --- [           main] o.s.c.g.r.RouteDefinitionRouteLocator    : Loaded RoutePredicateFactory [XForwardedRemoteAddr]
2023-08-28T17:21:21.036+05:00  INFO 78833 --- [           main] o.s.c.g.r.RouteDefinitionRouteLocator    : Loaded RoutePredicateFactory [Weight]
2023-08-28T17:21:21.036+05:00  INFO 78833 --- [           main] o.s.c.g.r.RouteDefinitionRouteLocator    : Loaded RoutePredicateFactory [CloudFoundryRouteService]
2023-08-28T17:21:21.274+05:00  INFO 78833 --- [           main] DiscoveryClientOptionalArgsConfiguration : Eureka HTTP Client uses RestTemplate.
2023-08-28T17:21:21.635+05:00  WARN 78833 --- [           main] iguration$LoadBalancerCaffeineWarnLogger : Spring Cloud LoadBalancer is currently working with the default cache. While this cache implementation is useful for development and tests, it's recommended to use Caffeine cache in production.You can switch to using Caffeine cache, by adding it and org.springframework.cache.caffeine.CaffeineCacheManager to the classpath.
2023-08-28T17:21:21.656+05:00  INFO 78833 --- [           main] o.s.c.n.eureka.InstanceInfoFactory       : Setting initial instance status as: STARTING
2023-08-28T17:21:21.710+05:00  INFO 78833 --- [           main] com.netflix.discovery.DiscoveryClient    : Initializing Eureka in region us-east-1
2023-08-28T17:21:21.714+05:00  INFO 78833 --- [           main] c.n.d.s.r.aws.ConfigClusterResolver      : Resolving eureka endpoints via configuration
2023-08-28T17:21:21.729+05:00  INFO 78833 --- [           main] com.netflix.discovery.DiscoveryClient    : Disable delta property : false
2023-08-28T17:21:21.729+05:00  INFO 78833 --- [           main] com.netflix.discovery.DiscoveryClient    : Single vip registry refresh property : null
2023-08-28T17:21:21.729+05:00  INFO 78833 --- [           main] com.netflix.discovery.DiscoveryClient    : Force full registry fetch : false
2023-08-28T17:21:21.729+05:00  INFO 78833 --- [           main] com.netflix.discovery.DiscoveryClient    : Application is null : false
2023-08-28T17:21:21.729+05:00  INFO 78833 --- [           main] com.netflix.discovery.DiscoveryClient    : Registered Applications size is zero : true
2023-08-28T17:21:21.729+05:00  INFO 78833 --- [           main] com.netflix.discovery.DiscoveryClient    : Application version is -1: true
2023-08-28T17:21:21.729+05:00  INFO 78833 --- [           main] com.netflix.discovery.DiscoveryClient    : Getting all instance registry info from the eureka server
2023-08-28T17:21:22.062+05:00  INFO 78833 --- [           main] com.netflix.discovery.DiscoveryClient    : The response status is 200
2023-08-28T17:21:22.065+05:00  INFO 78833 --- [           main] com.netflix.discovery.DiscoveryClient    : Starting heartbeat executor: renew interval is: 30
2023-08-28T17:21:22.067+05:00  INFO 78833 --- [           main] c.n.discovery.InstanceInfoReplicator     : InstanceInfoReplicator onDemand update allowed rate per min is 4
2023-08-28T17:21:22.071+05:00  INFO 78833 --- [           main] com.netflix.discovery.DiscoveryClient    : Discovery Client initialized at timestamp 1693225282070 with initial instances count: 1
2023-08-28T17:21:22.072+05:00  INFO 78833 --- [           main] o.s.c.n.e.s.EurekaServiceRegistry        : Registering application API-GATEWAY with eureka with status UP
2023-08-28T17:21:22.073+05:00  INFO 78833 --- [           main] com.netflix.discovery.DiscoveryClient    : Saw local status change event StatusChangeEvent [timestamp=1693225282073, current=UP, previous=STARTING]
2023-08-28T17:21:22.074+05:00  INFO 78833 --- [nfoReplicator-0] com.netflix.discovery.DiscoveryClient    : DiscoveryClient_API-GATEWAY/faiq-malik:API-GATEWAY:8080: registering service...
2023-08-28T17:21:22.129+05:00  INFO 78833 --- [nfoReplicator-0] com.netflix.discovery.DiscoveryClient    : DiscoveryClient_API-GATEWAY/faiq-malik:API-GATEWAY:8080 - registration status: 204
2023-08-28T17:21:22.216+05:00  INFO 78833 --- [           main] c.v.s.a.ApiGatewayApplicationTests       : Started ApiGatewayApplicationTests in 2.98 seconds (process running for 3.683)
]]></system-out>
  </testcase>
</testsuite>